<?xml version="1.0" encoding="UTF-8"?>
<!-- Generated by org.testng.reporters.JUnitXMLReporter -->
<testsuite ignored="0" hostname="LTIN233400" failures="0" tests="8" name="Test" time="50.195" errors="0" timestamp="2024-02-15T00:15:00 IST">
  <testcase classname="testCases.TC_001_SearchCabsTest" name="verifySearchCabs" time="14.659"/>
  <testcase classname="testCases.TC_002_CabsResultTest" name="verifyCabsResult" time="1.956"/>
  <testcase classname="testCases.TC_003_GiftCardTest" name="verifyGiftCard" time="3.949"/>
  <testcase classname="testCases.TC_004_SendingGiftCardTest" name="verifyClickingOnEmail" time="0.281"/>
  <testcase classname="testCases.TC_004_SendingGiftCardTest" name="verifyGiftCardDetails" time="2.824"/>
  <testcase classname="testCases.TC_004_SendingGiftCardTest" name="verifyErrorMsg" time="0.343"/>
  <testcase classname="testCases.TC_005_HotelAdultsNumberTest" name="verifyClickOnHotels" time="0.367"/>
  <testcase classname="testCases.TC_005_HotelAdultsNumberTest" name="verifyNoForAdults" time="4.495"/>
</testsuite> <!-- Test -->
