<?xml version="1.0" encoding="UTF-8"?>
<!-- Generated by org.testng.reporters.JUnitXMLReporter -->
<testsuite ignored="0" hostname="LTIN233400" failures="0" tests="8" name="Test" time="51.414" errors="0" timestamp="2024-02-10T18:18:08 IST">
  <testcase classname="testCases.TC_001_SearchCabsTest" name="verifySearchCabs" time="13.14"/>
  <testcase classname="testCases.TC_002_CabsResultTest" name="verifyCabsResult" time="2.236"/>
  <testcase classname="testCases.TC_003_GiftCardTest" name="verifyGiftCard" time="2.525"/>
  <testcase classname="testCases.TC_004_SendingGiftCardTest" name="verifyClickingOnEmail" time="0.867"/>
  <testcase classname="testCases.TC_004_SendingGiftCardTest" name="verifyGiftCardDetails" time="2.279"/>
  <testcase classname="testCases.TC_004_SendingGiftCardTest" name="verifyErrorMsg" time="0.062"/>
  <testcase classname="testCases.TC_005_HotelAdultsNumberTest" name="verifyClickOnHotels" time="0.245"/>
  <testcase classname="testCases.TC_005_HotelAdultsNumberTest" name="verifyNoForAdults" time="1.874"/>
</testsuite> <!-- Test -->
