<?xml version="1.0" encoding="UTF-8"?>
<!-- Generated by org.testng.reporters.JUnitXMLReporter -->
<testsuite ignored="0" hostname="LTIN233400" failures="0" tests="8" name="Test" time="42.974" errors="0" timestamp="2024-02-09T00:04:26 IST">
  <testcase classname="testCases.TC_001_SearchCabsTest" name="verifySearchCabs" time="13.393"/>
  <testcase classname="testCases.TC_002_CabsResultTest" name="verifyCabsResult" time="1.446"/>
  <testcase classname="testCases.TC_003_GiftCardTest" name="verifyGiftCard" time="2.911"/>
  <testcase classname="testCases.TC_004_SendingGiftCardTest" name="verifyClickingOnEmail" time="0.618"/>
  <testcase classname="testCases.TC_004_SendingGiftCardTest" name="verifyGiftCardDetails" time="2.8"/>
  <testcase classname="testCases.TC_004_SendingGiftCardTest" name="verifyErrorMsg" time="0.088"/>
  <testcase classname="testCases.TC_005_HotelAdultsNumberTest" name="verifyClickOnHotels" time="0.499"/>
  <testcase classname="testCases.TC_005_HotelAdultsNumberTest" name="verifyNoForAdults" time="1.915"/>
</testsuite> <!-- Test -->
