<?xml version="1.0" encoding="UTF-8"?>
<testsuite xmlns:xsi="http://www.w3.org/2001/XMLSchema-instance" xsi:noNamespaceSchemaLocation="https://maven.apache.org/surefire/maven-surefire-plugin/xsd/surefire-test-report-3.0.xsd" version="3.0" name="TestSuite" time="45.158" tests="8" errors="0" skipped="0" failures="0">
  <properties>
[...]
</properties>
  <testcase name="verifySearchCabs" classname="testCases.TC_005_HotelAdultsNumberTest" time="13.852">
    <system-out><![CDATA[February 2024
]]></system-out>
    <system-err><![CDATA[SLF4J: No SLF4J providers were found.
SLF4J: Defaulting to no-operation (NOP) logger implementation
SLF4J: See https://www.slf4j.org/codes.html#noProviders for further details.
Feb 09, 2024 12:03:51 AM org.openqa.selenium.devtools.CdpVersionFinder findNearestMatch
WARNING: Unable to find an exact match for CDP version 120, returning the closest version; found: 119; Please update to a Selenium version that supports CDP version 120
]]></system-err>
  </testcase>
  <testcase name="verifyCabsResult" classname="testCases.TC_005_HotelAdultsNumberTest" time="1.757">
    <system-out><![CDATA[₹ 9,720
]]></system-out>
  </testcase>
  <testcase name="verifyGiftCard" classname="testCases.TC_005_HotelAdultsNumberTest" time="3.431"/>
  <testcase name="verifyClickingOnEmail" classname="testCases.TC_005_HotelAdultsNumberTest" time="1.184"/>
  <testcase name="verifyGiftCardDetails" classname="testCases.TC_005_HotelAdultsNumberTest" time="3.105"/>
  <testcase name="verifyErrorMsg" classname="testCases.TC_005_HotelAdultsNumberTest" time="0.358">
    <system-out><![CDATA[Please enter a valid Email id.
Please enter a valid Email id.
]]></system-out>
  </testcase>
  <testcase name="verifyClickOnHotels" classname="testCases.TC_005_HotelAdultsNumberTest" time="1.576"/>
  <testcase name="verifyNoForAdults" classname="testCases.TC_005_HotelAdultsNumberTest" time="2.335">
    <system-out><![CDATA[[01, 02, 03, 04, 05, 06, 07, 08, 09, 10, 11, 12, 13, 14, 15, 16, 17, 18, 19, 20, 21, 22, 23, 24, 25, 26, 27, 28, 29, 30, 31, 32, 33, 34, 35, 36, 37, 38, 39, 40]
]]></system-out>
  </testcase>
</testsuite>